#
# There is insufficient memory for the Java Runtime Environment to continue.
# Native memory allocation (mmap) failed to map 528482304 bytes. Error detail: G1 virtual space
# Possible reasons:
#   The system is out of physical RAM or swap space
#   This process is running with CompressedOops enabled, and the Java Heap may be blocking the growth of the native heap
# Possible solutions:
#   Reduce memory load on the system
#   Increase physical memory or swap space
#   Check if swap backing store is full
#   Decrease Java heap size (-Xmx/-Xms)
#   Decrease number of Java threads
#   Decrease Java thread stack sizes (-Xss)
#   Set larger code cache with -XX:ReservedCodeCacheSize=
#   JVM is running with Zero Based Compressed Oops mode in which the Java heap is
#     placed in the first 32GB address space. The Java Heap base address is the
#     maximum limit for the native heap growth. Please use -XX:HeapBaseMinAddress
#     to set the Java Heap base and to place the Java Heap above 32GB virtual address.
# This output file may be truncated or incomplete.
#
#  Out of Memory Error (os_windows.cpp:3614), pid=2808, tid=79192
#
# JRE version:  (17.0.13+11) (build )
# Java VM: OpenJDK 64-Bit Server VM (17.0.13+11-adhoc..jdk17u, mixed mode, sharing, tiered, compressed oops, compressed class ptrs, g1 gc, windows-amd64)
# No core dump will be written. Minidumps are not enabled by default on client versions of Windows
#

---------------  S U M M A R Y ------------

Command Line: com.google.prefab.cli.AppKt --build-system cmake --platform android --abi armeabi-v7a --os-version 24 --stl c++_shared --ndk-version 26 --output C:\\Users\\krist\\AppData\\Local\\Temp\\agp-prefab-staging12346770189061220024\\staged-cli-output C:\\Users\\krist\\.gradle\\caches\\8.10.2\\transforms\\ffea390e40bce9ede11ecb704e97298f\\transformed\\react-android-0.76.6-debug\\prefab C:\\Users\\krist\\.gradle\\caches\\8.10.2\\transforms\\33e24b2bb229fd8033f60c69395256d5\\transformed\\hermes-android-0.76.6-debug\\prefab C:\\Users\\krist\\.gradle\\caches\\8.10.2\\transforms\\712459f74e1b69cabe04723869743a98\\transformed\\fbjni-0.6.0\\prefab

Host: AMD Ryzen 9 5900HS with Radeon Graphics        , 16 cores, 31G,  Windows 11 , 64 bit Build 22621 (10.0.22621.4391)
Time: Fri Jan 10 12:01:10 2025 Atlantic Standard Time elapsed time: 0.010039 seconds (0d 0h 0m 0s)

---------------  T H R E A D  ---------------

Current thread (0x000001f2781a4060):  JavaThread "Unknown thread" [_thread_in_vm, id=79192, stack(0x000000bc78d00000,0x000000bc78e00000)]

Stack: [0x000000bc78d00000,0x000000bc78e00000]
Native frames: (J=compiled Java code, j=interpreted, Vv=VM code, C=native code)
V  [jvm.dll+0x680c19]
V  [jvm.dll+0x83888a]
V  [jvm.dll+0x83a34e]
V  [jvm.dll+0x83a9b3]
V  [jvm.dll+0x2481af]
V  [jvm.dll+0x67d959]
V  [jvm.dll+0x67242a]
V  [jvm.dll+0x30813b]
V  [jvm.dll+0x30f626]
V  [jvm.dll+0x35f94e]
V  [jvm.dll+0x35fb8f]
V  [jvm.dll+0x2df0ec]
V  [jvm.dll+0x2e0044]
V  [jvm.dll+0x80a04b]
V  [jvm.dll+0x36d6c1]
V  [jvm.dll+0x7e8975]
V  [jvm.dll+0x3f109f]
V  [jvm.dll+0x3f2c11]
C  [jli.dll+0x52ab]
C  [ucrtbase.dll+0x29333]
C  [KERNEL32.DLL+0x1259d]
C  [ntdll.dll+0x5af38]


---------------  P R O C E S S  ---------------

Threads class SMR info:
_java_thread_list=0x00007ffb03838f18, length=0, elements={
}

Java Threads: ( => current thread )

Other Threads:
  0x000001f27824e120 GCTaskThread "GC Thread#0" [stack: 0x000000bc78e00000,0x000000bc78f00000] [id=14420]
  0x000001f27da1fe30 ConcurrentGCThread "G1 Main Marker" [stack: 0x000000bc78f00000,0x000000bc79000000] [id=21880]
  0x000001f27da21f10 ConcurrentGCThread "G1 Conc#0" [stack: 0x000000bc79000000,0x000000bc79100000] [id=1812]

[error occurred during error reporting (printing all threads), id 0xc0000005, EXCEPTION_ACCESS_VIOLATION (0xc0000005) at pc=0x00007ffb02fef827]

VM state: not at safepoint (not fully initialized)

VM Mutex/Monitor currently owned by a thread:  ([mutex/lock_event])
[0x000001f27819d8f0] Heap_lock - owner thread: 0x000001f2781a4060

Heap address: 0x0000000609800000, size: 8040 MB, Compressed Oops mode: Zero based, Oop shift amount: 3

CDS archive(s) mapped at: [0x0000000000000000-0x0000000000000000-0x0000000000000000), size 0, SharedBaseAddress: 0x0000000800000000, ArchiveRelocationMode: 1.
Narrow klass base: 0x0000000000000000, Narrow klass shift: 0, Narrow klass range: 0x0

GC Precious Log:
<Empty>

Heap:
 garbage-first heap   total 0K, used 0K [0x0000000609800000, 0x0000000800000000)
  region size 4096K, 0 young (0K), 0 survivors (0K)

[error occurred during error reporting (printing heap information), id 0xc0000005, EXCEPTION_ACCESS_VIOLATION (0xc0000005) at pc=0x00007ffb033d9e69]

GC Heap History (0 events):
No events

Dll operation events (1 events):
Event: 0.006 Loaded shared library C:\Program Files\OpenLogic\openlogic-openjdk-17.0.13+11-windows-x64\bin\java.dll

Deoptimization events (0 events):
No events

Classes loaded (0 events):
No events

Classes unloaded (0 events):
No events

Classes redefined (0 events):
No events

Internal exceptions (0 events):
No events

VM Operations (0 events):
No events

Memory protections (0 events):
No events

Nmethod flushes (0 events):
No events

Events (0 events):
No events


Dynamic libraries:
0x00007ff6b3390000 - 0x00007ff6b339e000 	C:\Program Files\OpenLogic\openlogic-openjdk-17.0.13+11-windows-x64\bin\java.exe
0x00007ffbd8830000 - 0x00007ffbd8a47000 	C:\WINDOWS\SYSTEM32\ntdll.dll
0x00007ffbd7440000 - 0x00007ffbd7504000 	C:\WINDOWS\System32\KERNEL32.DLL
0x00007ffbd6140000 - 0x00007ffbd64fa000 	C:\WINDOWS\System32\KERNELBASE.dll
0x00007ffbd5ce0000 - 0x00007ffbd5df1000 	C:\WINDOWS\System32\ucrtbase.dll
0x00007ffbba6c0000 - 0x00007ffbba6d7000 	C:\Program Files\OpenLogic\openlogic-openjdk-17.0.13+11-windows-x64\bin\jli.dll
0x00007ffbba6a0000 - 0x00007ffbba6bb000 	C:\Program Files\OpenLogic\openlogic-openjdk-17.0.13+11-windows-x64\bin\VCRUNTIME140.dll
0x00007ffbd6830000 - 0x00007ffbd69de000 	C:\WINDOWS\System32\USER32.dll
0x00007ffbc28b0000 - 0x00007ffbc2b42000 	C:\WINDOWS\WinSxS\amd64_microsoft.windows.common-controls_6595b64144ccf1df_6.0.22621.4541_none_2710d1c57384c085\COMCTL32.dll
0x00007ffbd6500000 - 0x00007ffbd6526000 	C:\WINDOWS\System32\win32u.dll
0x00007ffbd7760000 - 0x00007ffbd7807000 	C:\WINDOWS\System32\msvcrt.dll
0x00007ffbd7ba0000 - 0x00007ffbd7bc9000 	C:\WINDOWS\System32\GDI32.dll
0x00007ffbd5bc0000 - 0x00007ffbd5cdb000 	C:\WINDOWS\System32\gdi32full.dll
0x00007ffbd60a0000 - 0x00007ffbd613a000 	C:\WINDOWS\System32\msvcp_win.dll
0x00007ffbd81a0000 - 0x00007ffbd81d1000 	C:\WINDOWS\System32\IMM32.DLL
0x00007ffbc2570000 - 0x00007ffbc257c000 	C:\Program Files\OpenLogic\openlogic-openjdk-17.0.13+11-windows-x64\bin\vcruntime140_1.dll
0x00007ffb93350000 - 0x00007ffb933dd000 	C:\Program Files\OpenLogic\openlogic-openjdk-17.0.13+11-windows-x64\bin\msvcp140.dll
0x00007ffb02d00000 - 0x00007ffb0396c000 	C:\Program Files\OpenLogic\openlogic-openjdk-17.0.13+11-windows-x64\bin\server\jvm.dll
0x00007ffbd8080000 - 0x00007ffbd8132000 	C:\WINDOWS\System32\ADVAPI32.dll
0x00007ffbd7ad0000 - 0x00007ffbd7b77000 	C:\WINDOWS\System32\sechost.dll
0x00007ffbd5ff0000 - 0x00007ffbd6018000 	C:\WINDOWS\System32\bcrypt.dll
0x00007ffbd7f60000 - 0x00007ffbd8074000 	C:\WINDOWS\System32\RPCRT4.dll
0x00007ffbd66e0000 - 0x00007ffbd6751000 	C:\WINDOWS\System32\WS2_32.dll
0x00007ffbd59d0000 - 0x00007ffbd5a1d000 	C:\WINDOWS\SYSTEM32\POWRPROF.dll
0x00007ffbd3470000 - 0x00007ffbd34a4000 	C:\WINDOWS\SYSTEM32\WINMM.dll
0x00007ffbd0450000 - 0x00007ffbd045a000 	C:\WINDOWS\SYSTEM32\VERSION.dll
0x00007ffbd59b0000 - 0x00007ffbd59c3000 	C:\WINDOWS\SYSTEM32\UMPDC.dll
0x00007ffbd4b10000 - 0x00007ffbd4b28000 	C:\WINDOWS\SYSTEM32\kernel.appcore.dll
0x00007ffbc23d0000 - 0x00007ffbc23da000 	C:\Program Files\OpenLogic\openlogic-openjdk-17.0.13+11-windows-x64\bin\jimage.dll
0x00007ffbd31f0000 - 0x00007ffbd3422000 	C:\WINDOWS\SYSTEM32\DBGHELP.DLL
0x00007ffbd7bd0000 - 0x00007ffbd7f5f000 	C:\WINDOWS\System32\combase.dll
0x00007ffbd8660000 - 0x00007ffbd8737000 	C:\WINDOWS\System32\OLEAUT32.dll
0x00007ffbd3430000 - 0x00007ffbd3462000 	C:\WINDOWS\SYSTEM32\dbgcore.DLL
0x00007ffbd5f70000 - 0x00007ffbd5feb000 	C:\WINDOWS\System32\bcryptPrimitives.dll
0x00007ffb9bf90000 - 0x00007ffb9bfb5000 	C:\Program Files\OpenLogic\openlogic-openjdk-17.0.13+11-windows-x64\bin\java.dll

dbghelp: loaded successfully - version: 4.0.5 - missing functions: none
symbol engine: initialized successfully - sym options: 0x614 - pdb path: .;C:\Program Files\OpenLogic\openlogic-openjdk-17.0.13+11-windows-x64\bin;C:\WINDOWS\SYSTEM32;C:\WINDOWS\WinSxS\amd64_microsoft.windows.common-controls_6595b64144ccf1df_6.0.22621.4541_none_2710d1c57384c085;C:\Program Files\OpenLogic\openlogic-openjdk-17.0.13+11-windows-x64\bin\server

VM Arguments:
java_command: com.google.prefab.cli.AppKt --build-system cmake --platform android --abi armeabi-v7a --os-version 24 --stl c++_shared --ndk-version 26 --output C:\\Users\\krist\\AppData\\Local\\Temp\\agp-prefab-staging12346770189061220024\\staged-cli-output C:\\Users\\krist\\.gradle\\caches\\8.10.2\\transforms\\ffea390e40bce9ede11ecb704e97298f\\transformed\\react-android-0.76.6-debug\\prefab C:\\Users\\krist\\.gradle\\caches\\8.10.2\\transforms\\33e24b2bb229fd8033f60c69395256d5\\transformed\\hermes-android-0.76.6-debug\\prefab C:\\Users\\krist\\.gradle\\caches\\8.10.2\\transforms\\712459f74e1b69cabe04723869743a98\\transformed\\fbjni-0.6.0\\prefab
java_class_path (initial): C:\\Users\\krist\\.gradle\\caches\\modules-2\\files-2.1\\com.google.prefab\\cli\\2.1.0\\aa32fec809c44fa531f01dcfb739b5b3304d3050\\cli-2.1.0-all.jar
Launcher Type: SUN_STANDARD

[Global flags]
     intx CICompilerCount                          = 12                                        {product} {ergonomic}
     uint ConcGCThreads                            = 3                                         {product} {ergonomic}
     uint G1ConcRefinementThreads                  = 13                                        {product} {ergonomic}
   size_t G1HeapRegionSize                         = 4194304                                   {product} {ergonomic}
    uintx GCDrainStackTargetSize                   = 64                                        {product} {ergonomic}
   size_t InitialHeapSize                          = 528482304                                 {product} {ergonomic}
   size_t MarkStackSize                            = 4194304                                   {product} {ergonomic}
   size_t MaxHeapSize                              = 8430551040                                {product} {ergonomic}
   size_t MinHeapDeltaBytes                        = 4194304                                   {product} {ergonomic}
   size_t MinHeapSize                              = 8388608                                   {product} {ergonomic}
    uintx NonNMethodCodeHeapSize                   = 7602480                                {pd product} {ergonomic}
    uintx NonProfiledCodeHeapSize                  = 122027880                              {pd product} {ergonomic}
    uintx ProfiledCodeHeapSize                     = 122027880                              {pd product} {ergonomic}
    uintx ReservedCodeCacheSize                    = 251658240                              {pd product} {ergonomic}
     bool SegmentedCodeCache                       = true                                      {product} {ergonomic}
   size_t SoftMaxHeapSize                          = 8430551040                             {manageable} {ergonomic}
     bool UseCompressedClassPointers               = true                           {product lp64_product} {ergonomic}
     bool UseCompressedOops                        = true                           {product lp64_product} {ergonomic}
     bool UseG1GC                                  = true                                      {product} {ergonomic}
     bool UseLargePagesIndividualAllocation        = false                                  {pd product} {ergonomic}

Logging:
Log output configuration:
 #0: stdout all=warning uptime,level,tags
 #1: stderr all=off uptime,level,tags

Environment Variables:
JAVA_HOME=C:\Program Files\OpenLogic\openlogic-openjdk-17.0.13+11-windows-x64
CLASSPATH=C:\Users\krist\Desktop\React_Native\PasswordGenerator2\android\\gradle\wrapper\gradle-wrapper.jar
PATH=C:\Users\krist\Desktop\React_Native\PasswordGenerator2\node_modules\.bin;C:\Users\krist\Desktop\React_Native\PasswordGenerator2\node_modules\.bin;C:\Users\krist\Desktop\React_Native\node_modules\.bin;C:\Users\krist\Desktop\node_modules\.bin;C:\Users\krist\node_modules\.bin;C:\Users\node_modules\.bin;C:\node_modules\.bin;C:\Users\krist\nodejs\node_modules\npm\node_modules\@npmcli\run-script\lib\node-gyp-bin;C:\Users\krist\Desktop\React_Native\PasswordGenerator2\node_modules\.bin;C:\Users\krist\Desktop\React_Native\PasswordGenerator2\node_modules\.bin;C:\Users\krist\Desktop\React_Native\node_modules\.bin;C:\Users\krist\Desktop\node_modules\.bin;C:\Users\krist\node_modules\.bin;C:\Users\node_modules\.bin;C:\node_modules\.bin;C:\Users\krist\nodejs\node_modules\npm\node_modules\@npmcli\run-script\lib\node-gyp-bin;C:\Windows\system32;C:\Windows;C:\Windows\System32\Wbem;C:\Windows\System32\WindowsPowerShell\v1.0\;C:\Windows\System32\OpenSSH\;C:\Program Files (x86)\NVIDIA Corporation\PhysX\Common;C:\Program Files\NVIDIA Corporation\NVIDIA NvDLISR;C:\WINDOWS\system32;C:\WINDOWS;C:\WINDOWS\System32\Wbem;C:\WINDOWS\System32\WindowsPowerShell\v1.0\;C:\WINDOWS\System32\OpenSSH\;C:\Program Files\dotnet\;C:\Program Files (x86)\dotnet\;C:\msys64\mingw64\bin;C:\ProgramData\chocolatey\bin;C:\Program Files\Git\cmd;C:\Program Files\Git\mingw64\bin;C:\Program Files\Git\usr\bin;C:\ProgramData\chocolatey\bin;C:\Users\krist\nodejs\;C:\Users\krist\AppData\Local\Android\Sdk\platform-tools;C:\Users\krist\AppData\Local\Android\Sdk;C:\Program Files\OpenLogic\openlogic-openjdk-17.0.13+11-windows-x64\bin;C:\Users\krist\gradle-7.6.4-bin\gradle-7.6.4\bin;C:\Users\krist\AppData\Local\Programs\Python\Python39\Scripts\;C:\Users\krist\AppData\Local\Programs\Python\Python39\;C:\Users\krist\AppData\Local\Microsoft\WindowsApps;C:\Users\krist\AppData\Local\Programs\Microsoft VS Code\bin;C:\Users\krist\Downloads\php-8.2.4-Win32-vs16-x64;C:\Users\krist\AppData\Local\atom\bin;C:\Users\krist\AppData\Local\Gi
USERNAME=krist
OS=Windows_NT
PROCESSOR_IDENTIFIER=AMD64 Family 25 Model 80 Stepping 0, AuthenticAMD
TMP=C:\Users\krist\AppData\Local\Temp
TEMP=C:\Users\krist\AppData\Local\Temp



Periodic native trim disabled


---------------  S Y S T E M  ---------------

OS:
 Windows 11 , 64 bit Build 22621 (10.0.22621.4391)
OS uptime: 11 days 11:29 hours
Hyper-V role detected

CPU: total 16 (initial active 16) (16 cores per cpu, 2 threads per core) family 25 model 80 stepping 0 microcode 0x0, cx8, cmov, fxsr, ht, mmx, 3dnowpref, sse, sse2, sse3, ssse3, sse4a, sse4.1, sse4.2, popcnt, lzcnt, tsc, tscinvbit, avx, avx2, aes, erms, clmul, bmi1, bmi2, adx, sha, fma, vzeroupper, clflush, clflushopt, hv
Processor Information for processor 0
  Max Mhz: 3301, Current Mhz: 3301, Mhz Limit: 3301
Processor Information for processor 1
  Max Mhz: 3301, Current Mhz: 2003, Mhz Limit: 3301
Processor Information for processor 2
  Max Mhz: 3301, Current Mhz: 2003, Mhz Limit: 3301
Processor Information for processor 3
  Max Mhz: 3301, Current Mhz: 2003, Mhz Limit: 3301
Processor Information for processor 4
  Max Mhz: 3301, Current Mhz: 2003, Mhz Limit: 3301
Processor Information for processor 5
  Max Mhz: 3301, Current Mhz: 2003, Mhz Limit: 3301
Processor Information for processor 6
  Max Mhz: 3301, Current Mhz: 2003, Mhz Limit: 3301
Processor Information for processor 7
  Max Mhz: 3301, Current Mhz: 2003, Mhz Limit: 3301
Processor Information for processor 8
  Max Mhz: 3301, Current Mhz: 2003, Mhz Limit: 3301
Processor Information for processor 9
  Max Mhz: 3301, Current Mhz: 2003, Mhz Limit: 3301
Processor Information for processor 10
  Max Mhz: 3301, Current Mhz: 3301, Mhz Limit: 3301
Processor Information for processor 11
  Max Mhz: 3301, Current Mhz: 2003, Mhz Limit: 3301
Processor Information for processor 12
  Max Mhz: 3301, Current Mhz: 2003, Mhz Limit: 3301
Processor Information for processor 13
  Max Mhz: 3301, Current Mhz: 2003, Mhz Limit: 3301
Processor Information for processor 14
  Max Mhz: 3301, Current Mhz: 2003, Mhz Limit: 3301
Processor Information for processor 15
  Max Mhz: 3301, Current Mhz: 2003, Mhz Limit: 3301

Memory: 4k page, system-wide physical 32159M (6648M free)
TotalPageFile size 130463M (AvailPageFile size 457M)
current process WorkingSet (physical memory assigned to process): 11M, peak: 11M
current process commit charge ("private bytes"): 71M, peak: 575M

vm_info: OpenJDK 64-Bit Server VM (17.0.13+11-adhoc..jdk17u) for windows-amd64 JRE (17.0.13+11-adhoc..jdk17u), built on Oct 18 2024 01:05:13 by "" with MS VC++ 16.10 / 16.11 (VS2019)

END.
